[20:36:50.336][INFO][CraftTweaker-EarlyInit]: CraftTweaker is running on a Minecraft 1.20.1 production server modded with platform Forge
[20:36:50.365][INFO][CraftTweaker-EarlyInit]: Successfully injected RecipeFS file system
[20:36:50.443][INFO][CraftTweaker-Plugins]: Successfully identified and loaded plugin crafttweaker:builtin
[20:36:50.444][INFO][CraftTweaker-Plugins]: Successfully identified and loaded plugin crafttweaker:builtin_forge
[20:36:50.448][INFO][CraftTweaker-Plugins]: Successfully identified and loaded plugin mekanism:crt_plugin
[20:36:50.450][INFO][CraftTweaker-Plugins]: Successfully identified and loaded plugin createtweaker:main
[20:36:50.456][INFO][CraftTweaker-Plugins]: Successfully identified and loaded plugin farmersdelight:crafttweaker_plugin
[20:36:50.457][INFO][CraftTweaker-Plugins]: Successfully identified and loaded plugin refurbished_furniture:plugin
[20:36:51.598][INFO][CraftTweaker]: The following mods have explicit CraftTweaker support through the default plugin:
[20:36:51.599][INFO][CraftTweaker]: - 'aquaculture' at version '2.5.5'
[20:36:51.599][INFO][CraftTweaker]: - 'crafttweaker' at version '14.0.57'
[20:36:51.599][INFO][CraftTweaker]: - 'createtweaker' at version '4.0.15'
[20:36:51.599][INFO][CraftTweaker]: - 'farmersdelight' at version '1.20.1-1.2.7'
[20:36:51.599][INFO][CraftTweaker]: - 'mekanism' at version '10.4.15'
[20:36:51.599][INFO][CraftTweaker]: - 'refurbished_furniture' at version '1.0.12'
[20:37:06.751][INFO][CraftTweaker-ZenCode]: Started loading scripts for loader 'mekanismcontent'
[20:37:07.001][INFO][CraftTweaker-ZenCode]: Compiling and executing scripts
[20:37:07.719][INFO][CraftTweaker-ZenCode]: Successfully initialized modules [mods, crafttweaker, expansions]
[20:37:07.797][INFO][CraftTweaker-ZenCode]: Execution for loader 'mekanismcontent' completed successfully
[20:37:07.797][INFO][Mekanism]: Registering 0 custom gases.
[20:37:07.804][INFO][Mekanism]: Registering 0 custom infuse types.
[20:37:07.817][INFO][Mekanism]: Registering 0 custom pigments.
[20:37:07.824][INFO][Mekanism]: Registering 0 custom slurries.
[20:37:08.701][INFO][CraftTweaker-ZenCode]: Started loading scripts for loader 'initialize'
[20:37:08.760][INFO][CraftTweaker-ZenCode]: Compiling and executing scripts
[20:37:08.761][INFO][CraftTweaker-ZenCode]: Successfully initialized modules [crafttweaker, expansions]
[20:37:08.780][INFO][CraftTweaker-ZenCode]: Execution for loader 'initialize' completed successfully
[20:37:21.139][INFO][CraftTweaker-ZenCode]: Started loading scripts for loader 'tags'
[20:37:21.173][INFO][CraftTweaker-ZenCode]: Compiling and executing scripts
[20:37:21.179][INFO][CraftTweaker-ZenCode]: Successfully initialized modules [crafttweaker, expansions]
[20:37:21.193][INFO][CraftTweaker-ZenCode]: Execution for loader 'tags' completed successfully
[20:37:56.864][INFO][CraftTweaker]: crafttweaker.reload.start
[20:37:56.874][INFO][CraftTweaker-ZenCode]: Started loading scripts for loader 'crafttweaker'
[20:37:56.899][INFO][CraftTweaker-ZenCode]: Compiling and executing scripts
[20:37:57.181][INFO][CraftTweaker-ZenCode]: Successfully initialized modules [mods, crafttweaker, expansions]
[20:37:57.197][INFO][CraftTweaker-ZenCode]: Execution for loader 'crafttweaker' completed successfully
[20:37:57.198][INFO][CraftTweaker]: crafttweaker.reload.complete
