[18Apr2025 00:03:27.823] [Server thread/INFO] [net.minecraft.server.MinecraftServer/]: DierkDavid has made the advancement [We Need to Go Deeper]
[18Apr2025 00:03:28.706] [Server thread/INFO] [net.minecraft.server.MinecraftServer/]: DierkDavid has made the advancement [A Terrible Fortress]
[18Apr2025 00:04:47.133] [Server thread/WARN] [net.minecraft.server.network.ServerGamePacketListenerImpl/]: DierkDavid moved too quickly! -3.524166414372985,0.8868762990183541,9.496452057209353
[18Apr2025 00:10:40.780] [Server thread/INFO] [net.minecraft.server.MinecraftServer/]: DierkDavid has made the advancement [The Andesite Age]
[18Apr2025 00:21:18.283] [Server thread/ERROR] [net.minecraft.Util/]: POI data mismatch: already registered at BlockPos{x=-786, y=-10, z=-5638}
[18Apr2025 00:26:18.503] [Server thread/INFO] [net.minecraft.server.MinecraftServer/]: DierkDavid has made the advancement [Wheels of Destruction]
[18Apr2025 00:27:34.751] [Server thread/INFO] [net.minecraft.server.MinecraftServer/]: DierkDavid was processed by Crushing Wheels
[18Apr2025 00:42:43.101] [Worker-Main-299/WARN] [lithostitched/]: Non-existent template pool reference: minecraft:cook_additions_3_pool
[18Apr2025 00:42:43.102] [Worker-Main-299/WARN] [lithostitched/]: Non-existent template pool reference: minecraft:cook_additions_1_pool
[18Apr2025 00:42:43.102] [Worker-Main-299/WARN] [lithostitched/]: Non-existent template pool reference: minecraft:cook_additions_4_pool
[18Apr2025 00:42:43.103] [Worker-Main-299/WARN] [lithostitched/]: Non-existent template pool reference: minecraft:cook_additions_2_pool
[18Apr2025 00:42:43.103] [Worker-Main-299/WARN] [lithostitched/]: Non-existent template pool reference: minecraft:cook_end_1_pool
[18Apr2025 00:42:43.105] [Worker-Main-299/WARN] [lithostitched/]: Non-existent template pool reference: minecraft:cook_additions_3_pool
[18Apr2025 00:42:43.105] [Worker-Main-299/WARN] [lithostitched/]: Non-existent template pool reference: minecraft:cook_end_1_pool
[18Apr2025 00:42:43.106] [Worker-Main-299/WARN] [lithostitched/]: Non-existent template pool reference: minecraft:cook_end_1_pool
[18Apr2025 00:43:43.406] [Server thread/INFO] [net.minecraft.world.entity.LivingEntity/]: Named entity Guard['Jarvis'/88286, l='ServerLevel[world]', x=-2051.79, y=71.10, z=-5639.87] died: Jarvis drowned
[18Apr2025 00:44:55.057] [Server thread/INFO] [net.minecraft.server.MinecraftServer/]: DierkDavid has completed the challenge [Free Willy]
[18Apr2025 00:45:32.146] [Server thread/WARN] [net.minecraft.world.level.entity.PersistentEntitySectionManager/]: UUID of added entity already exists: Drowned['Drowned'/90671, l='ServerLevel[world]', x=-1848.50, y=54.00, z=-5923.50]
[18Apr2025 00:46:17.006] [Worker-Main-282/ERROR] [net.minecraft.world.entity.decoration.HangingEntity/]: Hanging entity at invalid position: BlockPos{x=-274, y=25, z=-20}
[18Apr2025 00:46:17.007] [Worker-Main-282/ERROR] [net.minecraft.world.entity.decoration.HangingEntity/]: Hanging entity at invalid position: BlockPos{x=-275, y=25, z=-21}
[18Apr2025 00:46:17.007] [Worker-Main-282/ERROR] [net.minecraft.world.entity.decoration.HangingEntity/]: Hanging entity at invalid position: BlockPos{x=-274, y=25, z=-24}
[18Apr2025 00:46:17.007] [Worker-Main-282/ERROR] [net.minecraft.world.entity.decoration.HangingEntity/]: Hanging entity at invalid position: BlockPos{x=-275, y=25, z=-23}
[18Apr2025 00:46:17.008] [Worker-Main-282/ERROR] [net.minecraft.world.entity.decoration.HangingEntity/]: Hanging entity at invalid position: BlockPos{x=-275, y=25, z=-24}
[18Apr2025 00:46:17.008] [Worker-Main-282/ERROR] [net.minecraft.world.entity.decoration.HangingEntity/]: Hanging entity at invalid position: BlockPos{x=-270, y=28, z=-22}
[18Apr2025 00:46:17.008] [Worker-Main-282/ERROR] [net.minecraft.world.entity.decoration.HangingEntity/]: Hanging entity at invalid position: BlockPos{x=-270, y=22, z=-22}
[18Apr2025 00:46:30.278] [Worker-Main-299/ERROR] [net.minecraft.world.entity.decoration.HangingEntity/]: Hanging entity at invalid position: BlockPos{x=-245, y=25, z=-23}
[18Apr2025 00:46:30.278] [Worker-Main-299/ERROR] [net.minecraft.world.entity.decoration.HangingEntity/]: Hanging entity at invalid position: BlockPos{x=-252, y=22, z=-20}
[18Apr2025 00:46:31.459] [Server thread/ERROR] [net.minecraft.Util/]: POI data mismatch: already registered at BlockPos{x=-1569, y=-36, z=-5502}
[18Apr2025 00:46:31.460] [Server thread/ERROR] [net.minecraft.Util/]: POI data mismatch: already registered at BlockPos{x=-1569, y=-36, z=-5504}
[18Apr2025 00:48:15.107] [Server thread/WARN] [net.minecraft.server.network.ServerGamePacketListenerImpl/]: DierkDavid moved wrongly!
[18Apr2025 00:48:30.564] [Server thread/WARN] [net.minecraft.server.network.ServerGamePacketListenerImpl/]: DierkDavid moved wrongly!
[18Apr2025 00:49:04.851] [Server thread/WARN] [net.minecraft.world.level.chunk.LevelChunk/]: Tried to load a DUMMY block entity @ BlockPos{x=-1563, y=21, z=-5493} but found not block entity block Block{create_better_motors:deepslate_reggarfonite_ore} at location
[18Apr2025 00:49:04.851] [Server thread/WARN] [net.minecraft.world.level.chunk.LevelChunk/]: Tried to load a block entity for block Block{create_better_motors:deepslate_reggarfonite_ore} but failed at location BlockPos{x=-1563, y=21, z=-5493}
[18Apr2025 00:49:11.653] [Server thread/INFO] [net.minecraft.world.entity.npc.Villager/]: Villager Villager['Brianne'/93682, l='ServerLevel[world]', x=-2084.12, y=63.00, z=-5625.02] died, message: 'Brianne withered away'
[18Apr2025 00:49:11.653] [Server thread/INFO] [net.minecraft.world.entity.LivingEntity/]: Named entity Villager['Brianne'/93682, l='ServerLevel[world]', x=-2084.12, y=63.00, z=-5625.02] died: Brianne withered away
[18Apr2025 00:49:29.561] [Server thread/INFO] [net.minecraft.world.entity.npc.Villager/]: Villager Villager['Holley'/93829, l='ServerLevel[world]', x=-2085.70, y=85.94, z=-5611.00] died, message: 'Holley was shot by Illusioner'
[18Apr2025 00:49:29.562] [Server thread/INFO] [net.minecraft.world.entity.LivingEntity/]: Named entity Villager['Holley'/93829, l='ServerLevel[world]', x=-2085.70, y=85.94, z=-5611.00] died: Holley was shot by Illusioner
[18Apr2025 00:53:37.120] [Server thread/WARN] [net.minecraft.server.level.ServerPlayerGameMode/]: Mismatch in destroy block pos: BlockPos{x=-522, y=71, z=-5934} BlockPos{x=-523, y=69, z=-5935}
[18Apr2025 00:55:00.755] [Server thread/INFO] [net.minecraft.server.network.ServerGamePacketListenerImpl/]: JhairJCM lost connection: Disconnected
[18Apr2025 00:55:00.755] [Server thread/INFO] [net.minecraft.server.MinecraftServer/]: JhairJCM left the game
[18Apr2025 01:11:15.752] [Server thread/INFO] [net.minecraft.server.MinecraftServer/]: DierkDavid has made the advancement [Bonfire Lit]
[18Apr2025 01:27:47.890] [Server thread/INFO] [net.minecraft.server.players.PlayerList/]: JhairJCM[/127.252.103.120:59291] logged in with entity id 102565 at (-524.2600823946921, 69.0, -5955.111948829334)
[18Apr2025 01:27:47.914] [Server thread/INFO] [net.minecraft.server.MinecraftServer/]: JhairJCM joined the game
[18Apr2025 01:27:47.982] [Server thread/INFO] [Jade/]: Syncing config to JhairJCM (1522853d-0bed-3995-a140-e453c6406232)
[18Apr2025 01:28:18.553] [Server thread/INFO] [net.minecraft.server.MinecraftServer/]: <DierkDavid> causa me voy a mtar
[18Apr2025 01:28:24.848] [Server thread/INFO] [net.minecraft.server.MinecraftServer/]: DierkDavid has made the advancement [Complex Curiosities]
[18Apr2025 01:30:01.524] [Server thread/INFO] [net.minecraft.server.MinecraftServer/]: DierkDavid has made the advancement [The Brass Age]
[18Apr2025 01:30:14.526] [Server thread/INFO] [net.minecraft.server.MinecraftServer/]: <JhairJCM> _B
[18Apr2025 01:30:15.657] [Server thread/INFO] [net.minecraft.server.MinecraftServer/]: <JhairJCM> :b
[18Apr2025 01:30:16.956] [Server thread/INFO] [net.minecraft.server.MinecraftServer/]: <JhairJCM> :B
[18Apr2025 01:30:19.768] [Server thread/INFO] [net.minecraft.server.MinecraftServer/]: <JhairJCM> :V}+
[18Apr2025 01:44:05.345] [Server thread/INFO] [net.minecraft.server.MinecraftServer/]: JhairJCM has made the advancement [Wheels of Destruction]
[18Apr2025 02:44:19.755] [Server thread/INFO] [net.minecraft.server.MinecraftServer/]: <DierkDavid> -550 74 -5964
[18Apr2025 03:03:06.655] [Server thread/INFO] [net.minecraft.server.MinecraftServer/]: JhairJCM has reached the goal [Workout Session]
[18Apr2025 04:08:21.588] [Server thread/INFO] [net.minecraft.server.players.PlayerList/]: Sameu[/127.50.61.139:44817] logged in with entity id 135397 at (-531.5273751625102, 70.0, -5953.964407024036)
[18Apr2025 04:08:21.614] [Server thread/INFO] [net.minecraft.server.MinecraftServer/]: Sameu joined the game
[18Apr2025 04:08:21.669] [Server thread/INFO] [Jade/]: Syncing config to Sameu (b1b63f1d-df45-3898-b941-fc806e390edb)
[18Apr2025 04:23:52.318] [Server thread/INFO] [net.minecraft.server.MinecraftServer/]: Sameu has made the advancement [Into Fire]
[18Apr2025 04:26:38.409] [Server thread/INFO] [net.minecraft.server.MinecraftServer/]: Sameu has made the advancement [Take Aim]
[18Apr2025 04:30:37.358] [Server thread/INFO] [net.minecraft.server.network.ServerGamePacketListenerImpl/]: Sameu lost connection: Disconnected
[18Apr2025 04:30:37.358] [Server thread/INFO] [net.minecraft.server.MinecraftServer/]: Sameu left the game
[18Apr2025 04:31:09.432] [Server thread/INFO] [net.minecraft.server.players.PlayerList/]: Sameu[/127.50.61.139:47905] logged in with entity id 141372 at (-50.812727177804, 66.0, -819.0630363841999)
[18Apr2025 04:31:09.459] [Server thread/INFO] [net.minecraft.server.MinecraftServer/]: Sameu joined the game
[18Apr2025 04:31:09.488] [Server thread/INFO] [Jade/]: Syncing config to Sameu (b1b63f1d-df45-3898-b941-fc806e390edb)
[18Apr2025 04:31:32.407] [Server thread/INFO] [net.minecraft.server.MinecraftServer/]: Sameu was slain by Wither Skeleton
[18Apr2025 04:33:55.908] [Server thread/INFO] [net.minecraft.server.MinecraftServer/]: Sameu has made the advancement [What a Deal!]
[18Apr2025 04:36:03.263] [Server thread/WARN] [net.minecraft.server.network.ServerGamePacketListenerImpl/]: DierkDavid moved too quickly! 7.392749123434328,2.504830925685127,-6.3369951048453
[18Apr2025 04:45:15.001] [Server thread/INFO] [net.minecraft.server.MinecraftServer/]: DierkDavid has made the advancement [The Parrots and the Bats]
[18Apr2025 04:52:42.026] [Server thread/WARN] [net.minecraft.server.level.ServerPlayerGameMode/]: Mismatch in destroy block pos: BlockPos{x=-442, y=59, z=-6050} BlockPos{x=-442, y=60, z=-6050}
[18Apr2025 04:56:43.084] [Server thread/ERROR] [net.minecraft.Util/]: POI data mismatch: already registered at BlockPos{x=-810, y=-21, z=-5718}
[18Apr2025 04:56:52.710] [Server thread/ERROR] [net.minecraft.Util/]: POI data mismatch: already registered at BlockPos{x=-813, y=21, z=-5704}
[18Apr2025 04:56:52.711] [Server thread/ERROR] [net.minecraft.Util/]: POI data mismatch: already registered at BlockPos{x=-811, y=21, z=-5704}
[18Apr2025 04:57:21.479] [Server thread/WARN] [net.minecraft.server.level.ServerPlayerGameMode/]: Mismatch in destroy block pos: BlockPos{x=-811, y=61, z=-5904} BlockPos{x=-811, y=62, z=-5904}
[18Apr2025 04:58:37.906] [Server thread/INFO] [net.minecraft.world.entity.LivingEntity/]: Named entity Guard['Domitila'/148775, l='ServerLevel[world]', x=-958.01, y=64.00, z=-5764.93] died: Domitila was shot by Skeleton
[18Apr2025 04:58:49.779] [Server thread/INFO] [net.minecraft.server.MinecraftServer/]: Sameu has made the advancement [Mine? Mine? Mine?]
[18Apr2025 05:01:03.130] [Server thread/WARN] [net.minecraft.server.level.ServerPlayerGameMode/]: Mismatch in destroy block pos: BlockPos{x=-1132, y=52, z=-5767} BlockPos{x=-1132, y=51, z=-5767}
[18Apr2025 05:01:24.315] [Worker-Main-266/ERROR] [net.minecraft.world.entity.decoration.HangingEntity/]: Hanging entity at invalid position: BlockPos{x=110, y=-24, z=245}
[18Apr2025 05:01:24.315] [Worker-Main-266/ERROR] [net.minecraft.world.entity.decoration.HangingEntity/]: Hanging entity at invalid position: BlockPos{x=110, y=-24, z=244}
[18Apr2025 05:01:24.315] [Worker-Main-266/ERROR] [net.minecraft.world.entity.decoration.HangingEntity/]: Hanging entity at invalid position: BlockPos{x=111, y=-24, z=244}
[18Apr2025 05:01:24.316] [Worker-Main-266/ERROR] [net.minecraft.world.entity.decoration.HangingEntity/]: Hanging entity at invalid position: BlockPos{x=114, y=-25, z=248}
[18Apr2025 05:01:24.316] [Worker-Main-266/ERROR] [net.minecraft.world.entity.decoration.HangingEntity/]: Hanging entity at invalid position: BlockPos{x=113, y=-23, z=244}
[18Apr2025 05:01:24.316] [Worker-Main-266/ERROR] [net.minecraft.world.entity.decoration.HangingEntity/]: Hanging entity at invalid position: BlockPos{x=112, y=-24, z=244}
[18Apr2025 05:02:44.007] [Server thread/INFO] [net.minecraft.server.network.ServerGamePacketListenerImpl/]: Sameu lost connection: You logged in from another location
[18Apr2025 05:02:44.008] [Server thread/INFO] [net.minecraft.server.MinecraftServer/]: Sameu left the game
[18Apr2025 05:02:44.035] [Server thread/INFO] [net.minecraft.server.players.PlayerList/]: Sameu[/127.50.61.139:53875] logged in with entity id 151936 at (-1073.3172405679688, 63.0, -5749.729472084271)
[18Apr2025 05:02:44.057] [Server thread/INFO] [net.minecraft.server.MinecraftServer/]: Sameu joined the game
[18Apr2025 05:02:44.105] [Server thread/INFO] [Jade/]: Syncing config to Sameu (b1b63f1d-df45-3898-b941-fc806e390edb)
[18Apr2025 05:03:14.915] [Server thread/WARN] [net.minecraft.server.network.ServerGamePacketListenerImpl/]: DierkDavid moved wrongly!
[18Apr2025 05:05:42.608] [Server thread/INFO] [net.minecraft.server.network.ServerGamePacketListenerImpl/]: DierkDavid lost connection: Disconnected
[18Apr2025 05:05:42.608] [Server thread/INFO] [net.minecraft.server.MinecraftServer/]: DierkDavid left the game
[18Apr2025 05:06:31.718] [Server thread/WARN] [net.minecraft.server.level.ServerPlayerGameMode/]: Mismatch in destroy block pos: BlockPos{x=-1139, y=54, z=-5740} BlockPos{x=-1139, y=53, z=-5740}
[18Apr2025 05:07:12.812] [Server thread/WARN] [net.minecraft.server.level.ServerPlayerGameMode/]: Mismatch in destroy block pos: BlockPos{x=-1149, y=53, z=-5731} BlockPos{x=-1150, y=51, z=-5730}
[18Apr2025 05:08:51.411] [Server thread/WARN] [net.minecraft.server.level.ServerPlayerGameMode/]: Mismatch in destroy block pos: BlockPos{x=-1140, y=48, z=-5706} BlockPos{x=-1140, y=49, z=-5706}
[18Apr2025 05:09:37.014] [Server thread/WARN] [net.minecraft.server.level.ServerPlayerGameMode/]: Mismatch in destroy block pos: BlockPos{x=-1145, y=54, z=-5727} BlockPos{x=-1145, y=53, z=-5727}
[18Apr2025 05:10:41.464] [Server thread/WARN] [net.minecraft.server.level.ServerPlayerGameMode/]: Mismatch in destroy block pos: BlockPos{x=-1124, y=49, z=-5709} BlockPos{x=-1125, y=47, z=-5707}
[18Apr2025 05:10:53.509] [Server thread/INFO] [net.minecraft.server.players.PlayerList/]: DierkDavid[/127.170.5.104:57397] logged in with entity id 156335 at (-523.0511562173206, 70.75, -5946.46417709467)
[18Apr2025 05:10:53.537] [Server thread/INFO] [net.minecraft.server.MinecraftServer/]: DierkDavid joined the game
[18Apr2025 05:10:53.606] [Server thread/INFO] [Jade/]: Syncing config to DierkDavid (58235a4b-8fbd-31ac-a20c-a6373d194950)
[18Apr2025 05:12:22.114] [Server thread/WARN] [net.minecraft.server.level.ServerPlayerGameMode/]: Mismatch in destroy block pos: BlockPos{x=-1157, y=51, z=-5645} BlockPos{x=-1157, y=50, z=-5645}
[18Apr2025 05:12:22.144] [Server thread/WARN] [net.minecraft.server.level.ServerPlayerGameMode/]: Mismatch in destroy block pos: BlockPos{x=-1157, y=51, z=-5645} BlockPos{x=-1157, y=50, z=-5645}
[18Apr2025 05:13:27.092] [Server thread/WARN] [net.minecraft.server.level.ServerPlayerGameMode/]: Mismatch in destroy block pos: BlockPos{x=-1146, y=49, z=-5663} BlockPos{x=-1146, y=48, z=-5664}
[18Apr2025 05:13:27.116] [Server thread/WARN] [net.minecraft.server.level.ServerPlayerGameMode/]: Mismatch in destroy block pos: BlockPos{x=-1146, y=49, z=-5663} BlockPos{x=-1146, y=48, z=-5664}
[18Apr2025 05:14:19.628] [Server thread/WARN] [net.minecraft.server.level.ServerPlayerGameMode/]: Mismatch in destroy block pos: BlockPos{x=-1136, y=46, z=-5653} BlockPos{x=-1134, y=45, z=-5655}
[18Apr2025 05:14:19.667] [Server thread/WARN] [net.minecraft.server.level.ServerPlayerGameMode/]: Mismatch in destroy block pos: BlockPos{x=-1136, y=47, z=-5653} BlockPos{x=-1134, y=45, z=-5655}
[18Apr2025 05:14:19.718] [Server thread/WARN] [net.minecraft.server.level.ServerPlayerGameMode/]: Mismatch in destroy block pos: BlockPos{x=-1136, y=47, z=-5653} BlockPos{x=-1134, y=45, z=-5655}
[18Apr2025 05:14:19.770] [Server thread/WARN] [net.minecraft.server.level.ServerPlayerGameMode/]: Mismatch in destroy block pos: BlockPos{x=-1136, y=47, z=-5653} BlockPos{x=-1134, y=45, z=-5655}
[18Apr2025 05:22:30.872] [Server thread/WARN] [net.minecraft.server.level.ServerPlayerGameMode/]: Mismatch in destroy block pos: BlockPos{x=-1112, y=49, z=-5724} BlockPos{x=-1112, y=50, z=-5724}
[18Apr2025 05:23:40.965] [Server thread/WARN] [net.minecraft.server.level.ServerPlayerGameMode/]: Mismatch in destroy block pos: BlockPos{x=-1089, y=50, z=-5709} BlockPos{x=-1089, y=49, z=-5709}
